0 info it worked if it ends with ok
1 verbose cli [ '/usr/local/bin/node', '/usr/local/bin/npm', 'run', 'dev' ]
2 info using npm@3.10.6
3 info using node@v4.4.7
4 verbose run-script [ 'predev', 'dev', 'postdev' ]
5 info lifecycle ng2-fullstack@0.0.1~predev: ng2-fullstack@0.0.1
6 silly lifecycle ng2-fullstack@0.0.1~predev: no script for predev, continuing
7 info lifecycle ng2-fullstack@0.0.1~dev: ng2-fullstack@0.0.1
8 verbose lifecycle ng2-fullstack@0.0.1~dev: unsafe-perm in lifecycle true
9 verbose lifecycle ng2-fullstack@0.0.1~dev: PATH: /usr/local/lib/node_modules/npm/bin/node-gyp-bin:/Users/abhijitchoudhury/Developer/training/wm/ng2-fullstack/node_modules/.bin:/Users/abhijitchoudhury/.rbenv/versions/2.2.0/bin:i/Users/abhijitchoudhury/Developer/SDKs/gradle-2.6/bin:/Users/abhijitchoudhury/Developer/Projects/tryouts/webRTC/depot_tools:/Users/abhijitchoudhury/Developer/google-cloud-sdk/bin:/Users/abhijitchoudhury/.rvm/gems/ruby-2.3.0/bin:/Users/abhijitchoudhury/.rvm/gems/ruby-2.3.0@global/bin:/Users/abhijitchoudhury/.rvm/rubies/ruby-2.3.0/bin:/opt/local/bin:/opt/local/sbin:/Users/abhijitchoudhury/Developer/Tools/gradle-2.9/bin:/Library/Frameworks/Python.framework/Versions/2.7/bin:/Users/abhijitchoudhury/.rbenv/shims:/Users/abhijitchoudhury/.rbenv/shims:/Applications/Atom.app/Contents/MacOS:/opt/local/bin:/opt/local/sbin:/opt/local/bin:/opt/local/sbin:/Users/abhijitchoudhury/Library/Android/sdk:/Users/abhijitchoudhury/Library/Android/sdk/tools/:/Users/abhijitchoudhury/Library/Android/sdk/platform-tools/:/usr/local/bin:/usr/bin:/bin:/usr/sbin:/sbin:/opt/X11/bin:/Users/abhijitchoudhury/.rvm/bin:/usr/local/mysql/bin:/Users/abhijitchoudhury/.rvm/bin
10 verbose lifecycle ng2-fullstack@0.0.1~dev: CWD: /Users/abhijitchoudhury/Developer/training/wm/ng2-fullstack
11 silly lifecycle ng2-fullstack@0.0.1~dev: Args: [ '-c', 'tsc && concurrently "npm start" "gulp"' ]
12 silly lifecycle ng2-fullstack@0.0.1~dev: Returned: code: 2  signal: null
13 info lifecycle ng2-fullstack@0.0.1~dev: Failed to exec dev script
14 verbose stack Error: ng2-fullstack@0.0.1 dev: `tsc && concurrently "npm start" "gulp"`
14 verbose stack Exit status 2
14 verbose stack     at EventEmitter.<anonymous> (/usr/local/lib/node_modules/npm/lib/utils/lifecycle.js:255:16)
14 verbose stack     at emitTwo (events.js:87:13)
14 verbose stack     at EventEmitter.emit (events.js:172:7)
14 verbose stack     at ChildProcess.<anonymous> (/usr/local/lib/node_modules/npm/lib/utils/spawn.js:40:14)
14 verbose stack     at emitTwo (events.js:87:13)
14 verbose stack     at ChildProcess.emit (events.js:172:7)
14 verbose stack     at maybeClose (internal/child_process.js:827:16)
14 verbose stack     at Process.ChildProcess._handle.onexit (internal/child_process.js:211:5)
15 verbose pkgid ng2-fullstack@0.0.1
16 verbose cwd /Users/abhijitchoudhury/Developer/training/wm/ng2-fullstack
17 error Darwin 15.6.0
18 error argv "/usr/local/bin/node" "/usr/local/bin/npm" "run" "dev"
19 error node v4.4.7
20 error npm  v3.10.6
21 error code ELIFECYCLE
22 error ng2-fullstack@0.0.1 dev: `tsc && concurrently "npm start" "gulp"`
22 error Exit status 2
23 error Failed at the ng2-fullstack@0.0.1 dev script 'tsc && concurrently "npm start" "gulp"'.
23 error Make sure you have the latest version of node.js and npm installed.
23 error If you do, this is most likely a problem with the ng2-fullstack package,
23 error not with npm itself.
23 error Tell the author that this fails on your system:
23 error     tsc && concurrently "npm start" "gulp"
23 error You can get information on how to open an issue for this project with:
23 error     npm bugs ng2-fullstack
23 error Or if that isn't available, you can get their info via:
23 error     npm owner ls ng2-fullstack
23 error There is likely additional logging output above.
24 verbose exit [ 1, true ]
